==5528== Memcheck, a memory error detector
==5528== Copyright (C) 2002-2017, and GNU GPL'd, by Julian Seward et al.
==5528== Using Valgrind-3.18.1-42b08ed5bd-20211015 and LibVEX; rerun with -h for copyright info
==5528== Command: ./webserv configs/default.conf
==5528== Parent PID: 1044
==5528== 
--5528-- 
--5528-- Valgrind options:
--5528--    --leak-check=full
--5528--    --show-leak-kinds=all
--5528--    --track-origins=yes
--5528--    --verbose
--5528--    --log-file=memcheck.log
--5528-- Contents of /proc/version:
--5528--   Linux version 5.15.146.1-microsoft-standard-WSL2 (root@65c757a075e2) (gcc (GCC) 11.2.0, GNU ld (GNU Binutils) 2.37) #1 SMP Thu Jan 11 04:09:03 UTC 2024
--5528-- 
--5528-- Arch and hwcaps: AMD64, LittleEndian, amd64-cx16-lzcnt-rdtscp-sse3-ssse3-avx-avx2-bmi-f16c-rdrand-rdseed
--5528-- Page sizes: currently 4096, max supported 4096
--5528-- Valgrind library directory: /usr/libexec/valgrind
--5528-- Reading syms from /home/ptungbun/Project/webserv/webserv
--5528-- Reading syms from /usr/lib/x86_64-linux-gnu/ld-linux-x86-64.so.2
--5528--   Considering /usr/lib/debug/.build-id/41/86944c50f8a32b47d74931e3f512b811813b64.debug ..
--5528--   .. build-id is valid
--5528-- Reading syms from /usr/libexec/valgrind/memcheck-amd64-linux
--5528--    object doesn't have a symbol table
--5528--    object doesn't have a dynamic symbol table
--5528-- Scheduler: using generic scheduler lock implementation.
--5528-- Reading suppressions file: /usr/libexec/valgrind/default.supp
==5528== embedded gdbserver: reading from /tmp/vgdb-pipe-from-vgdb-to-5528-by-ptungbun-on-???
==5528== embedded gdbserver: writing to   /tmp/vgdb-pipe-to-vgdb-from-5528-by-ptungbun-on-???
==5528== embedded gdbserver: shared mem   /tmp/vgdb-pipe-shared-mem-vgdb-5528-by-ptungbun-on-???
==5528== 
==5528== TO CONTROL THIS PROCESS USING vgdb (which you probably
==5528== don't want to do, unless you know exactly what you're doing,
==5528== or are doing some strange experiment):
==5528==   /usr/bin/vgdb --pid=5528 ...command...
==5528== 
==5528== TO DEBUG THIS PROCESS USING GDB: start GDB like this
==5528==   /path/to/gdb ./webserv
==5528== and then give GDB the following command
==5528==   target remote | /usr/bin/vgdb --pid=5528
==5528== --pid is optional if only one valgrind process is running
==5528== 
--5528-- REDIR: 0x402aa40 (ld-linux-x86-64.so.2:strlen) redirected to 0x580bcec2 (???)
--5528-- REDIR: 0x402a810 (ld-linux-x86-64.so.2:index) redirected to 0x580bcedc (???)
--5528-- Reading syms from /usr/libexec/valgrind/vgpreload_core-amd64-linux.so
--5528--    object doesn't have a symbol table
--5528-- Reading syms from /usr/libexec/valgrind/vgpreload_memcheck-amd64-linux.so
--5528--    object doesn't have a symbol table
==5528== WARNING: new redirection conflicts with existing -- ignoring it
--5528--     old: 0x0402aa40 (strlen              ) R-> (0000.0) 0x580bcec2 ???
--5528--     new: 0x0402aa40 (strlen              ) R-> (2007.0) 0x0484ee30 strlen
--5528-- REDIR: 0x4027220 (ld-linux-x86-64.so.2:strcmp) redirected to 0x484fcd0 (strcmp)
--5528-- REDIR: 0x402afa0 (ld-linux-x86-64.so.2:mempcpy) redirected to 0x4853840 (mempcpy)
--5528-- Reading syms from /usr/lib/x86_64-linux-gnu/libstdc++.so.6.0.30
--5528--    object doesn't have a symbol table
--5528-- Reading syms from /usr/lib/x86_64-linux-gnu/libgcc_s.so.1
--5528--    object doesn't have a symbol table
--5528-- Reading syms from /usr/lib/x86_64-linux-gnu/libc.so.6
--5528--   Considering /usr/lib/debug/.build-id/49/0fef8403240c91833978d494d39e537409b92e.debug ..
--5528--   .. build-id is valid
==5528== WARNING: new redirection conflicts with existing -- ignoring it
--5528--     old: 0x04b51c60 (memalign            ) R-> (1011.0) 0x0484e080 memalign
--5528--     new: 0x04b51c60 (memalign            ) R-> (1017.0) 0x0484e050 aligned_alloc
==5528== WARNING: new redirection conflicts with existing -- ignoring it
--5528--     old: 0x04b51c60 (memalign            ) R-> (1011.0) 0x0484e080 memalign
--5528--     new: 0x04b51c60 (memalign            ) R-> (1017.0) 0x0484e020 aligned_alloc
==5528== WARNING: new redirection conflicts with existing -- ignoring it
--5528--     old: 0x04b51c60 (memalign            ) R-> (1011.0) 0x0484e080 memalign
--5528--     new: 0x04b51c60 (memalign            ) R-> (1017.0) 0x0484e050 aligned_alloc
==5528== WARNING: new redirection conflicts with existing -- ignoring it
--5528--     old: 0x04b51c60 (memalign            ) R-> (1011.0) 0x0484e080 memalign
--5528--     new: 0x04b51c60 (memalign            ) R-> (1017.0) 0x0484e020 aligned_alloc
--5528-- Reading syms from /usr/lib/x86_64-linux-gnu/libm.so.6
--5528--   Considering /usr/lib/debug/.build-id/a5/08ec5d8bf12fb7fd08204e0f87518e5cd0b102.debug ..
--5528--   .. build-id is valid
--5528-- REDIR: 0x4b54720 (libc.so.6:strnlen) redirected to 0x483f220 (_vgnU_ifunc_wrapper)
--5528-- REDIR: 0x4b549e0 (libc.so.6:strpbrk) redirected to 0x483f220 (_vgnU_ifunc_wrapper)
--5528-- REDIR: 0x4b542e0 (libc.so.6:strcmp) redirected to 0x483f220 (_vgnU_ifunc_wrapper)
--5528-- REDIR: 0x4b72cd0 (libc.so.6:wcsnlen) redirected to 0x483f220 (_vgnU_ifunc_wrapper)
--5528-- REDIR: 0x4b556d0 (libc.so.6:memset) redirected to 0x483f220 (_vgnU_ifunc_wrapper)
--5528-- REDIR: 0x4b71540 (libc.so.6:wcslen) redirected to 0x483f220 (_vgnU_ifunc_wrapper)
--5528-- REDIR: 0x4b55c10 (libc.so.6:memcpy@@GLIBC_2.14) redirected to 0x483f220 (_vgnU_ifunc_wrapper)
--5528-- REDIR: 0x4b71370 (libc.so.6:wcschr) redirected to 0x483f220 (_vgnU_ifunc_wrapper)
--5528-- REDIR: 0x4b54260 (libc.so.6:index) redirected to 0x483f220 (_vgnU_ifunc_wrapper)
--5528-- REDIR: 0x4b54960 (libc.so.6:rindex) redirected to 0x483f220 (_vgnU_ifunc_wrapper)
--5528-- REDIR: 0x4b555a0 (libc.so.6:memmove) redirected to 0x483f220 (_vgnU_ifunc_wrapper)
==5528== Preferring higher priority redirection:
--5528--     old: 0x04c4c7c0 (__memcpy_avx_unalign) R-> (2018.0) 0x04850f90 __memcpy_avx_unaligned_erms
--5528--     new: 0x04c4c7c0 (__memcpy_avx_unalign) R-> (2018.1) 0x04852880 memmove
--5528-- REDIR: 0x4b713f0 (libc.so.6:wcscmp) redirected to 0x483f220 (_vgnU_ifunc_wrapper)
--5528-- REDIR: 0x4b559e0 (libc.so.6:stpncpy) redirected to 0x483f220 (_vgnU_ifunc_wrapper)
--5528-- REDIR: 0x4b719b0 (libc.so.6:wmemchr) redirected to 0x483f220 (_vgnU_ifunc_wrapper)
--5528-- REDIR: 0x4b54830 (libc.so.6:strncmp) redirected to 0x483f220 (_vgnU_ifunc_wrapper)
--5528-- REDIR: 0x4b55a70 (libc.so.6:strcasecmp) redirected to 0x483f220 (_vgnU_ifunc_wrapper)
--5528-- REDIR: 0x4b54420 (libc.so.6:strcspn) redirected to 0x483f220 (_vgnU_ifunc_wrapper)
--5528-- REDIR: 0x4b71470 (libc.so.6:wcscpy) redirected to 0x483f220 (_vgnU_ifunc_wrapper)
--5528-- REDIR: 0x4b541d0 (libc.so.6:strcat) redirected to 0x483f220 (_vgnU_ifunc_wrapper)
--5528-- REDIR: 0x4b55b60 (libc.so.6:strncasecmp_l) redirected to 0x483f220 (_vgnU_ifunc_wrapper)
--5528-- REDIR: 0x4b55480 (libc.so.6:bcmp) redirected to 0x483f220 (_vgnU_ifunc_wrapper)
--5528-- REDIR: 0x4b5d570 (libc.so.6:memrchr) redirected to 0x483f220 (_vgnU_ifunc_wrapper)
--5528-- REDIR: 0x4b57010 (libc.so.6:strchrnul) redirected to 0x483f220 (_vgnU_ifunc_wrapper)
--5528-- REDIR: 0x4b54390 (libc.so.6:strcpy) redirected to 0x483f220 (_vgnU_ifunc_wrapper)
--5528-- REDIR: 0x4b55b10 (libc.so.6:strcasecmp_l) redirected to 0x483f220 (_vgnU_ifunc_wrapper)
--5528-- REDIR: 0x4b546a0 (libc.so.6:strlen) redirected to 0x483f220 (_vgnU_ifunc_wrapper)
--5528-- REDIR: 0x4b548d0 (libc.so.6:strncpy) redirected to 0x483f220 (_vgnU_ifunc_wrapper)
--5528-- REDIR: 0x4b55950 (libc.so.6:stpcpy) redirected to 0x483f220 (_vgnU_ifunc_wrapper)
--5528-- REDIR: 0x4b553f0 (libc.so.6:memchr) redirected to 0x483f220 (_vgnU_ifunc_wrapper)
--5528-- REDIR: 0x4b54b00 (libc.so.6:strspn) redirected to 0x483f220 (_vgnU_ifunc_wrapper)
--5528-- REDIR: 0x4b557d0 (libc.so.6:mempcpy) redirected to 0x483f220 (_vgnU_ifunc_wrapper)
--5528-- REDIR: 0x4b55ac0 (libc.so.6:strncasecmp) redirected to 0x483f220 (_vgnU_ifunc_wrapper)
--5528-- REDIR: 0x4b56f80 (libc.so.6:rawmemchr) redirected to 0x483f220 (_vgnU_ifunc_wrapper)
--5528-- REDIR: 0x4c49610 (libc.so.6:__strrchr_avx2) redirected to 0x484e810 (rindex)
--5528-- REDIR: 0x4b510a0 (libc.so.6:malloc) redirected to 0x4848820 (malloc)
--5528-- REDIR: 0x4c497e0 (libc.so.6:__strlen_avx2) redirected to 0x484ed10 (strlen)
--5528-- REDIR: 0x4c45a80 (libc.so.6:__memcmp_avx2_movbe) redirected to 0x4852010 (bcmp)
--5528-- REDIR: 0x4c4c7c0 (libc.so.6:__memcpy_avx_unaligned_erms) redirected to 0x4852880 (memmove)
--5528-- REDIR: 0x490e970 (libstdc++.so.6:operator new(unsigned long)) redirected to 0x4848fa0 (operator new(unsigned long))
--5528-- REDIR: 0x490cc20 (libstdc++.so.6:operator delete(void*, unsigned long)) redirected to 0x484bb00 (operator delete(void*, unsigned long))
--5528-- REDIR: 0x4c44940 (libc.so.6:__strcmp_avx2) redirected to 0x484fbd0 (strcmp)
--5528-- REDIR: 0x4b54fc0 (libc.so.6:__GI_strstr) redirected to 0x4853ae0 (__strstr_sse2)
--5528-- REDIR: 0x490e9d0 (libstdc++.so.6:operator new[](unsigned long)) redirected to 0x484a280 (operator new[](unsigned long))
--5528-- REDIR: 0x4c452c0 (libc.so.6:__memchr_avx2) redirected to 0x484fd50 (memchr)
--5528-- REDIR: 0x490cc10 (libstdc++.so.6:operator delete(void*)) redirected to 0x484b840 (operator delete(void*))
==5528== Warning: invalid file descriptor -16778624 in syscall close()
==5528==    at 0x4BC0F67: close (close.c:27)
==5528==    by 0x120BC4: Server::~Server() (in /home/ptungbun/Project/webserv/webserv)
==5528==    by 0x12DB17: parsing_config(int, char**, std::vector<Server, std::allocator<Server> >&) (in /home/ptungbun/Project/webserv/webserv)
==5528==    by 0x131F45: main (in /home/ptungbun/Project/webserv/webserv)
==5528== Syscall param close(fd) contains uninitialised byte(s)
==5528==    at 0x4BC0F67: close (close.c:27)
==5528==    by 0x120BC4: Server::~Server() (in /home/ptungbun/Project/webserv/webserv)
==5528==    by 0x128DF3: void std::_Destroy<Server>(Server*) (in /home/ptungbun/Project/webserv/webserv)
==5528==    by 0x1284F9: void std::_Destroy_aux<false>::__destroy<Server*>(Server*, Server*) (in /home/ptungbun/Project/webserv/webserv)
==5528==    by 0x127537: void std::_Destroy<Server*>(Server*, Server*) (in /home/ptungbun/Project/webserv/webserv)
==5528==    by 0x126BC6: void std::_Destroy<Server*, Server>(Server*, Server*, std::allocator<Server>&) (in /home/ptungbun/Project/webserv/webserv)
==5528==    by 0x126640: std::vector<Server, std::allocator<Server> >::~vector() (in /home/ptungbun/Project/webserv/webserv)
==5528==    by 0x12DBD6: parsing_config(int, char**, std::vector<Server, std::allocator<Server> >&) (in /home/ptungbun/Project/webserv/webserv)
==5528==    by 0x131F45: main (in /home/ptungbun/Project/webserv/webserv)
==5528==  Uninitialised value was created by a stack allocation
==5528==    at 0x12D233: parsing_config(int, char**, std::vector<Server, std::allocator<Server> >&) (in /home/ptungbun/Project/webserv/webserv)
==5528== 
==5528== Warning: invalid file descriptor 76075792 in syscall close()
==5528==    at 0x4BC0F67: close (close.c:27)
==5528==    by 0x120BC4: Server::~Server() (in /home/ptungbun/Project/webserv/webserv)
==5528==    by 0x128DF3: void std::_Destroy<Server>(Server*) (in /home/ptungbun/Project/webserv/webserv)
==5528==    by 0x1284F9: void std::_Destroy_aux<false>::__destroy<Server*>(Server*, Server*) (in /home/ptungbun/Project/webserv/webserv)
==5528==    by 0x127537: void std::_Destroy<Server*>(Server*, Server*) (in /home/ptungbun/Project/webserv/webserv)
==5528==    by 0x126BC6: void std::_Destroy<Server*, Server>(Server*, Server*, std::allocator<Server>&) (in /home/ptungbun/Project/webserv/webserv)
==5528==    by 0x126640: std::vector<Server, std::allocator<Server> >::~vector() (in /home/ptungbun/Project/webserv/webserv)
==5528==    by 0x12DBD6: parsing_config(int, char**, std::vector<Server, std::allocator<Server> >&) (in /home/ptungbun/Project/webserv/webserv)
==5528==    by 0x131F45: main (in /home/ptungbun/Project/webserv/webserv)
--5528-- REDIR: 0x490cc40 (libstdc++.so.6:operator delete[](void*)) redirected to 0x484ca20 (operator delete[](void*))
--5528-- REDIR: 0x4b513e0 (libc.so.6:free) redirected to 0x484b210 (free)
==5528== Warning: invalid file descriptor -16778624 in syscall close()
==5528==    at 0x4BC0F67: close (close.c:27)
==5528==    by 0x120BC4: Server::~Server() (in /home/ptungbun/Project/webserv/webserv)
==5528==    by 0x12DC40: parsing_config(int, char**, std::vector<Server, std::allocator<Server> >&) (in /home/ptungbun/Project/webserv/webserv)
==5528==    by 0x131F45: main (in /home/ptungbun/Project/webserv/webserv)
--5528-- REDIR: 0x4c4c780 (libc.so.6:__mempcpy_avx_unaligned_erms) redirected to 0x4853440 (mempcpy)
--5528-- REDIR: 0x4c4cf80 (libc.so.6:__memset_avx2_unaligned_erms) redirected to 0x4852770 (memset)
==5528== 
==5528== HEAP SUMMARY:
==5528==     in use at exit: 371,288 bytes in 138 blocks
==5528==   total heap usage: 1,594 allocs, 1,456 frees, 951,131 bytes allocated
==5528== 
==5528== Searching for pointers to 138 not-freed blocks
==5528== Checked 147,360 bytes
==5528== 
==5528== 46 bytes in 2 blocks are indirectly lost in loss record 1 of 15
==5528==    at 0x4849013: operator new(unsigned long) (in /usr/libexec/valgrind/vgpreload_memcheck-amd64-linux.so)
==5528==    by 0x49AF109: void std::__cxx11::basic_string<char, std::char_traits<char>, std::allocator<char> >::_M_construct<char*>(char*, char*, std::forward_iterator_tag) (in /usr/lib/x86_64-linux-gnu/libstdc++.so.6.0.30)
==5528==    by 0x10D271: _append_index[abi:cxx11](Client&) (in /home/ptungbun/Project/webserv/webserv)
==5528==    by 0x10DA43: CGI::rout(Client&, Server&) (in /home/ptungbun/Project/webserv/webserv)
==5528==    by 0x1250FD: WebServer::_send_response(int) (in /home/ptungbun/Project/webserv/webserv)
==5528==    by 0x124D9E: WebServer::runServer() (in /home/ptungbun/Project/webserv/webserv)
==5528==    by 0x1320DB: main (in /home/ptungbun/Project/webserv/webserv)
==5528== 
==5528== 134 bytes in 7 blocks are indirectly lost in loss record 2 of 15
==5528==    at 0x4849013: operator new(unsigned long) (in /usr/libexec/valgrind/vgpreload_memcheck-amd64-linux.so)
==5528==    by 0x49AF109: void std::__cxx11::basic_string<char, std::char_traits<char>, std::allocator<char> >::_M_construct<char*>(char*, char*, std::forward_iterator_tag) (in /usr/lib/x86_64-linux-gnu/libstdc++.so.6.0.30)
==5528==    by 0x11FE89: std::pair<std::__cxx11::basic_string<char, std::char_traits<char>, std::allocator<char> > const, std::__cxx11::basic_string<char, std::char_traits<char>, std::allocator<char> > >::pair<std::__cxx11::basic_string<char, std::char_traits<char>, std::allocator<char> > const&, 0ul>(std::tuple<std::__cxx11::basic_string<char, std::char_traits<char>, std::allocator<char> > const&>&, std::tuple<>&, std::_Index_tuple<0ul>, std::_Index_tuple<>) (in /home/ptungbun/Project/webserv/webserv)
==5528==    by 0x11FD04: std::pair<std::__cxx11::basic_string<char, std::char_traits<char>, std::allocator<char> > const, std::__cxx11::basic_string<char, std::char_traits<char>, std::allocator<char> > >::pair<std::__cxx11::basic_string<char, std::char_traits<char>, std::allocator<char> > const&>(std::piecewise_construct_t, std::tuple<std::__cxx11::basic_string<char, std::char_traits<char>, std::allocator<char> > const&>, std::tuple<>) (in /home/ptungbun/Project/webserv/webserv)
==5528==    by 0x11FBD0: void __gnu_cxx::new_allocator<std::_Rb_tree_node<std::pair<std::__cxx11::basic_string<char, std::char_traits<char>, std::allocator<char> > const, std::__cxx11::basic_string<char, std::char_traits<char>, std::allocator<char> > > > >::construct<std::pair<std::__cxx11::basic_string<char, std::char_traits<char>, std::allocator<char> > const, std::__cxx11::basic_string<char, std::char_traits<char>, std::allocator<char> > >, std::piecewise_construct_t const&, std::tuple<std::__cxx11::basic_string<char, std::char_traits<char>, std::allocator<char> > const&>, std::tuple<> >(std::pair<std::__cxx11::basic_string<char, std::char_traits<char>, std::allocator<char> > const, std::__cxx11::basic_string<char, std::char_traits<char>, std::allocator<char> > >*, std::piecewise_construct_t const&, std::tuple<std::__cxx11::basic_string<char, std::char_traits<char>, std::allocator<char> > const&>&&, std::tuple<>&&) (in /home/ptungbun/Project/webserv/webserv)
==5528==    by 0x11F87F: void std::allocator_traits<std::allocator<std::_Rb_tree_node<std::pair<std::__cxx11::basic_string<char, std::char_traits<char>, std::allocator<char> > const, std::__cxx11::basic_string<char, std::char_traits<char>, std::allocator<char> > > > > >::construct<std::pair<std::__cxx11::basic_string<char, std::char_traits<char>, std::allocator<char> > const, std::__cxx11::basic_string<char, std::char_traits<char>, std::allocator<char> > >, std::piecewise_construct_t const&, std::tuple<std::__cxx11::basic_string<char, std::char_traits<char>, std::allocator<char> > const&>, std::tuple<> >(std::allocator<std::_Rb_tree_node<std::pair<std::__cxx11::basic_string<char, std::char_traits<char>, std::allocator<char> > const, std::__cxx11::basic_string<char, std::char_traits<char>, std::allocator<char> > > > >&, std::pair<std::__cxx11::basic_string<char, std::char_traits<char>, std::allocator<char> > const, std::__cxx11::basic_string<char, std::char_traits<char>, std::allocator<char> > >*, std::piecewise_construct_t const&, std::tuple<std::__cxx11::basic_string<char, std::char_traits<char>, std::allocator<char> > const&>&&, std::tuple<>&&) (in /home/ptungbun/Project/webserv/webserv)
==5528==    by 0x11F539: void std::_Rb_tree<std::__cxx11::basic_string<char, std::char_traits<char>, std::allocator<char> >, std::pair<std::__cxx11::basic_string<char, std::char_traits<char>, std::allocator<char> > const, std::__cxx11::basic_string<char, std::char_traits<char>, std::allocator<char> > >, std::_Select1st<std::pair<std::__cxx11::basic_string<char, std::char_traits<char>, std::allocator<char> > const, std::__cxx11::basic_string<char, std::char_traits<char>, std::allocator<char> > > >, std::less<std::__cxx11::basic_string<char, std::char_traits<char>, std::allocator<char> > >, std::allocator<std::pair<std::__cxx11::basic_string<char, std::char_traits<char>, std::allocator<char> > const, std::__cxx11::basic_string<char, std::char_traits<char>, std::allocator<char> > > > >::_M_construct_node<std::piecewise_construct_t const&, std::tuple<std::__cxx11::basic_string<char, std::char_traits<char>, std::allocator<char> > const&>, std::tuple<> >(std::_Rb_tree_node<std::pair<std::__cxx11::basic_string<char, std::char_traits<char>, std::allocator<char> > const, std::__cxx11::basic_string<char, std::char_traits<char>, std::allocator<char> > > >*, std::piecewise_construct_t const&, std::tuple<std::__cxx11::basic_string<char, std::char_traits<char>, std::allocator<char> > const&>&&, std::tuple<>&&) (in /home/ptungbun/Project/webserv/webserv)
==5528==    by 0x11E995: std::_Rb_tree_node<std::pair<std::__cxx11::basic_string<char, std::char_traits<char>, std::allocator<char> > const, std::__cxx11::basic_string<char, std::char_traits<char>, std::allocator<char> > > >* std::_Rb_tree<std::__cxx11::basic_string<char, std::char_traits<char>, std::allocator<char> >, std::pair<std::__cxx11::basic_string<char, std::char_traits<char>, std::allocator<char> > const, std::__cxx11::basic_string<char, std::char_traits<char>, std::allocator<char> > >, std::_Select1st<std::pair<std::__cxx11::basic_string<char, std::char_traits<char>, std::allocator<char> > const, std::__cxx11::basic_string<char, std::char_traits<char>, std::allocator<char> > > >, std::less<std::__cxx11::basic_string<char, std::char_traits<char>, std::allocator<char> > >, std::allocator<std::pair<std::__cxx11::basic_string<char, std::char_traits<char>, std::allocator<char> > const, std::__cxx11::basic_string<char, std::char_traits<char>, std::allocator<char> > > > >::_M_create_node<std::piecewise_construct_t const&, std::tuple<std::__cxx11::basic_string<char, std::char_traits<char>, std::allocator<char> > const&>, std::tuple<> >(std::piecewise_construct_t const&, std::tuple<std::__cxx11::basic_string<char, std::char_traits<char>, std::allocator<char> > const&>&&, std::tuple<>&&) (in /home/ptungbun/Project/webserv/webserv)
==5528==    by 0x11DD8C: std::_Rb_tree_iterator<std::pair<std::__cxx11::basic_string<char, std::char_traits<char>, std::allocator<char> > const, std::__cxx11::basic_string<char, std::char_traits<char>, std::allocator<char> > > > std::_Rb_tree<std::__cxx11::basic_string<char, std::char_traits<char>, std::allocator<char> >, std::pair<std::__cxx11::basic_string<char, std::char_traits<char>, std::allocator<char> > const, std::__cxx11::basic_string<char, std::char_traits<char>, std::allocator<char> > >, std::_Select1st<std::pair<std::__cxx11::basic_string<char, std::char_traits<char>, std::allocator<char> > const, std::__cxx11::basic_string<char, std::char_traits<char>, std::allocator<char> > > >, std::less<std::__cxx11::basic_string<char, std::char_traits<char>, std::allocator<char> > >, std::allocator<std::pair<std::__cxx11::basic_string<char, std::char_traits<char>, std::allocator<char> > const, std::__cxx11::basic_string<char, std::char_traits<char>, std::allocator<char> > > > >::_M_emplace_hint_unique<std::piecewise_construct_t const&, std::tuple<std::__cxx11::basic_string<char, std::char_traits<char>, std::allocator<char> > const&>, std::tuple<> >(std::_Rb_tree_const_iterator<std::pair<std::__cxx11::basic_string<char, std::char_traits<char>, std::allocator<char> > const, std::__cxx11::basic_string<char, std::char_traits<char>, std::allocator<char> > > >, std::piecewise_construct_t const&, std::tuple<std::__cxx11::basic_string<char, std::char_traits<char>, std::allocator<char> > const&>&&, std::tuple<>&&) (in /home/ptungbun/Project/webserv/webserv)
==5528==    by 0x11D49B: std::map<std::__cxx11::basic_string<char, std::char_traits<char>, std::allocator<char> >, std::__cxx11::basic_string<char, std::char_traits<char>, std::allocator<char> >, std::less<std::__cxx11::basic_string<char, std::char_traits<char>, std::allocator<char> > >, std::allocator<std::pair<std::__cxx11::basic_string<char, std::char_traits<char>, std::allocator<char> > const, std::__cxx11::basic_string<char, std::char_traits<char>, std::allocator<char> > > > >::operator[](std::__cxx11::basic_string<char, std::char_traits<char>, std::allocator<char> > const&) (in /home/ptungbun/Project/webserv/webserv)
==5528==    by 0x11B91C: Request::_readRequestHeaderField() (in /home/ptungbun/Project/webserv/webserv)
==5528==    by 0x11AD1C: Request::Request(std::__cxx11::basic_string<char, std::char_traits<char>, std::allocator<char> >) (in /home/ptungbun/Project/webserv/webserv)
==5528== 
==5528== 216 bytes in 3 blocks are indirectly lost in loss record 3 of 15
==5528==    at 0x4849013: operator new(unsigned long) (in /usr/libexec/valgrind/vgpreload_memcheck-amd64-linux.so)
==5528==    by 0x11F959: __gnu_cxx::new_allocator<std::_Rb_tree_node<std::pair<std::__cxx11::basic_string<char, std::char_traits<char>, std::allocator<char> > const, int> > >::allocate(unsigned long, void const*) (in /home/ptungbun/Project/webserv/webserv)
==5528==    by 0x11F681: std::allocator_traits<std::allocator<std::_Rb_tree_node<std::pair<std::__cxx11::basic_string<char, std::char_traits<char>, std::allocator<char> > const, int> > > >::allocate(std::allocator<std::_Rb_tree_node<std::pair<std::__cxx11::basic_string<char, std::char_traits<char>, std::allocator<char> > const, int> > >&, unsigned long) (in /home/ptungbun/Project/webserv/webserv)
==5528==    by 0x11EF8C: std::_Rb_tree<std::__cxx11::basic_string<char, std::char_traits<char>, std::allocator<char> >, std::pair<std::__cxx11::basic_string<char, std::char_traits<char>, std::allocator<char> > const, int>, std::_Select1st<std::pair<std::__cxx11::basic_string<char, std::char_traits<char>, std::allocator<char> > const, int> >, std::less<std::__cxx11::basic_string<char, std::char_traits<char>, std::allocator<char> > >, std::allocator<std::pair<std::__cxx11::basic_string<char, std::char_traits<char>, std::allocator<char> > const, int> > >::_M_get_node() (in /home/ptungbun/Project/webserv/webserv)
==5528==    by 0x11E0BA: std::_Rb_tree_node<std::pair<std::__cxx11::basic_string<char, std::char_traits<char>, std::allocator<char> > const, int> >* std::_Rb_tree<std::__cxx11::basic_string<char, std::char_traits<char>, std::allocator<char> >, std::pair<std::__cxx11::basic_string<char, std::char_traits<char>, std::allocator<char> > const, int>, std::_Select1st<std::pair<std::__cxx11::basic_string<char, std::char_traits<char>, std::allocator<char> > const, int> >, std::less<std::__cxx11::basic_string<char, std::char_traits<char>, std::allocator<char> > >, std::allocator<std::pair<std::__cxx11::basic_string<char, std::char_traits<char>, std::allocator<char> > const, int> > >::_M_create_node<std::piecewise_construct_t const&, std::tuple<std::__cxx11::basic_string<char, std::char_traits<char>, std::allocator<char> >&&>, std::tuple<> >(std::piecewise_construct_t const&, std::tuple<std::__cxx11::basic_string<char, std::char_traits<char>, std::allocator<char> >&&>&&, std::tuple<>&&) (in /home/ptungbun/Project/webserv/webserv)
==5528==    by 0x11D842: std::_Rb_tree_iterator<std::pair<std::__cxx11::basic_string<char, std::char_traits<char>, std::allocator<char> > const, int> > std::_Rb_tree<std::__cxx11::basic_string<char, std::char_traits<char>, std::allocator<char> >, std::pair<std::__cxx11::basic_string<char, std::char_traits<char>, std::allocator<char> > const, int>, std::_Select1st<std::pair<std::__cxx11::basic_string<char, std::char_traits<char>, std::allocator<char> > const, int> >, std::less<std::__cxx11::basic_string<char, std::char_traits<char>, std::allocator<char> > >, std::allocator<std::pair<std::__cxx11::basic_string<char, std::char_traits<char>, std::allocator<char> > const, int> > >::_M_emplace_hint_unique<std::piecewise_construct_t const&, std::tuple<std::__cxx11::basic_string<char, std::char_traits<char>, std::allocator<char> >&&>, std::tuple<> >(std::_Rb_tree_const_iterator<std::pair<std::__cxx11::basic_string<char, std::char_traits<char>, std::allocator<char> > const, int> >, std::piecewise_construct_t const&, std::tuple<std::__cxx11::basic_string<char, std::char_traits<char>, std::allocator<char> >&&>&&, std::tuple<>&&) (in /home/ptungbun/Project/webserv/webserv)
==5528==    by 0x11D146: std::map<std::__cxx11::basic_string<char, std::char_traits<char>, std::allocator<char> >, int, std::less<std::__cxx11::basic_string<char, std::char_traits<char>, std::allocator<char> > >, std::allocator<std::pair<std::__cxx11::basic_string<char, std::char_traits<char>, std::allocator<char> > const, int> > >::operator[](std::__cxx11::basic_string<char, std::char_traits<char>, std::allocator<char> >&&) (in /home/ptungbun/Project/webserv/webserv)
==5528==    by 0x11AB00: Request::Request(std::__cxx11::basic_string<char, std::char_traits<char>, std::allocator<char> >) (in /home/ptungbun/Project/webserv/webserv)
==5528==    by 0x125EF8: WebServer::_parsing_request(int) (in /home/ptungbun/Project/webserv/webserv)
==5528==    by 0x124CC5: WebServer::runServer() (in /home/ptungbun/Project/webserv/webserv)
==5528==    by 0x1320DB: main (in /home/ptungbun/Project/webserv/webserv)
==5528== 
==5528== 216 bytes in 3 blocks are indirectly lost in loss record 4 of 15
==5528==    at 0x4849013: operator new(unsigned long) (in /usr/libexec/valgrind/vgpreload_memcheck-amd64-linux.so)
==5528==    by 0x11F959: __gnu_cxx::new_allocator<std::_Rb_tree_node<std::pair<std::__cxx11::basic_string<char, std::char_traits<char>, std::allocator<char> > const, int> > >::allocate(unsigned long, void const*) (in /home/ptungbun/Project/webserv/webserv)
==5528==    by 0x11F681: std::allocator_traits<std::allocator<std::_Rb_tree_node<std::pair<std::__cxx11::basic_string<char, std::char_traits<char>, std::allocator<char> > const, int> > > >::allocate(std::allocator<std::_Rb_tree_node<std::pair<std::__cxx11::basic_string<char, std::char_traits<char>, std::allocator<char> > const, int> > >&, unsigned long) (in /home/ptungbun/Project/webserv/webserv)
==5528==    by 0x11EF8C: std::_Rb_tree<std::__cxx11::basic_string<char, std::char_traits<char>, std::allocator<char> >, std::pair<std::__cxx11::basic_string<char, std::char_traits<char>, std::allocator<char> > const, int>, std::_Select1st<std::pair<std::__cxx11::basic_string<char, std::char_traits<char>, std::allocator<char> > const, int> >, std::less<std::__cxx11::basic_string<char, std::char_traits<char>, std::allocator<char> > >, std::allocator<std::pair<std::__cxx11::basic_string<char, std::char_traits<char>, std::allocator<char> > const, int> > >::_M_get_node() (in /home/ptungbun/Project/webserv/webserv)
==5528==    by 0x11E0BA: std::_Rb_tree_node<std::pair<std::__cxx11::basic_string<char, std::char_traits<char>, std::allocator<char> > const, int> >* std::_Rb_tree<std::__cxx11::basic_string<char, std::char_traits<char>, std::allocator<char> >, std::pair<std::__cxx11::basic_string<char, std::char_traits<char>, std::allocator<char> > const, int>, std::_Select1st<std::pair<std::__cxx11::basic_string<char, std::char_traits<char>, std::allocator<char> > const, int> >, std::less<std::__cxx11::basic_string<char, std::char_traits<char>, std::allocator<char> > >, std::allocator<std::pair<std::__cxx11::basic_string<char, std::char_traits<char>, std::allocator<char> > const, int> > >::_M_create_node<std::piecewise_construct_t const&, std::tuple<std::__cxx11::basic_string<char, std::char_traits<char>, std::allocator<char> >&&>, std::tuple<> >(std::piecewise_construct_t const&, std::tuple<std::__cxx11::basic_string<char, std::char_traits<char>, std::allocator<char> >&&>&&, std::tuple<>&&) (in /home/ptungbun/Project/webserv/webserv)
==5528==    by 0x11D842: std::_Rb_tree_iterator<std::pair<std::__cxx11::basic_string<char, std::char_traits<char>, std::allocator<char> > const, int> > std::_Rb_tree<std::__cxx11::basic_string<char, std::char_traits<char>, std::allocator<char> >, std::pair<std::__cxx11::basic_string<char, std::char_traits<char>, std::allocator<char> > const, int>, std::_Select1st<std::pair<std::__cxx11::basic_string<char, std::char_traits<char>, std::allocator<char> > const, int> >, std::less<std::__cxx11::basic_string<char, std::char_traits<char>, std::allocator<char> > >, std::allocator<std::pair<std::__cxx11::basic_string<char, std::char_traits<char>, std::allocator<char> > const, int> > >::_M_emplace_hint_unique<std::piecewise_construct_t const&, std::tuple<std::__cxx11::basic_string<char, std::char_traits<char>, std::allocator<char> >&&>, std::tuple<> >(std::_Rb_tree_const_iterator<std::pair<std::__cxx11::basic_string<char, std::char_traits<char>, std::allocator<char> > const, int> >, std::piecewise_construct_t const&, std::tuple<std::__cxx11::basic_string<char, std::char_traits<char>, std::allocator<char> >&&>&&, std::tuple<>&&) (in /home/ptungbun/Project/webserv/webserv)
==5528==    by 0x11D146: std::map<std::__cxx11::basic_string<char, std::char_traits<char>, std::allocator<char> >, int, std::less<std::__cxx11::basic_string<char, std::char_traits<char>, std::allocator<char> > >, std::allocator<std::pair<std::__cxx11::basic_string<char, std::char_traits<char>, std::allocator<char> > const, int> > >::operator[](std::__cxx11::basic_string<char, std::char_traits<char>, std::allocator<char> >&&) (in /home/ptungbun/Project/webserv/webserv)
==5528==    by 0x11AB5B: Request::Request(std::__cxx11::basic_string<char, std::char_traits<char>, std::allocator<char> >) (in /home/ptungbun/Project/webserv/webserv)
==5528==    by 0x125EF8: WebServer::_parsing_request(int) (in /home/ptungbun/Project/webserv/webserv)
==5528==    by 0x124CC5: WebServer::runServer() (in /home/ptungbun/Project/webserv/webserv)
==5528==    by 0x1320DB: main (in /home/ptungbun/Project/webserv/webserv)
==5528== 
==5528== 216 bytes in 3 blocks are indirectly lost in loss record 5 of 15
==5528==    at 0x4849013: operator new(unsigned long) (in /usr/libexec/valgrind/vgpreload_memcheck-amd64-linux.so)
==5528==    by 0x11F959: __gnu_cxx::new_allocator<std::_Rb_tree_node<std::pair<std::__cxx11::basic_string<char, std::char_traits<char>, std::allocator<char> > const, int> > >::allocate(unsigned long, void const*) (in /home/ptungbun/Project/webserv/webserv)
==5528==    by 0x11F681: std::allocator_traits<std::allocator<std::_Rb_tree_node<std::pair<std::__cxx11::basic_string<char, std::char_traits<char>, std::allocator<char> > const, int> > > >::allocate(std::allocator<std::_Rb_tree_node<std::pair<std::__cxx11::basic_string<char, std::char_traits<char>, std::allocator<char> > const, int> > >&, unsigned long) (in /home/ptungbun/Project/webserv/webserv)
==5528==    by 0x11EF8C: std::_Rb_tree<std::__cxx11::basic_string<char, std::char_traits<char>, std::allocator<char> >, std::pair<std::__cxx11::basic_string<char, std::char_traits<char>, std::allocator<char> > const, int>, std::_Select1st<std::pair<std::__cxx11::basic_string<char, std::char_traits<char>, std::allocator<char> > const, int> >, std::less<std::__cxx11::basic_string<char, std::char_traits<char>, std::allocator<char> > >, std::allocator<std::pair<std::__cxx11::basic_string<char, std::char_traits<char>, std::allocator<char> > const, int> > >::_M_get_node() (in /home/ptungbun/Project/webserv/webserv)
==5528==    by 0x11E0BA: std::_Rb_tree_node<std::pair<std::__cxx11::basic_string<char, std::char_traits<char>, std::allocator<char> > const, int> >* std::_Rb_tree<std::__cxx11::basic_string<char, std::char_traits<char>, std::allocator<char> >, std::pair<std::__cxx11::basic_string<char, std::char_traits<char>, std::allocator<char> > const, int>, std::_Select1st<std::pair<std::__cxx11::basic_string<char, std::char_traits<char>, std::allocator<char> > const, int> >, std::less<std::__cxx11::basic_string<char, std::char_traits<char>, std::allocator<char> > >, std::allocator<std::pair<std::__cxx11::basic_string<char, std::char_traits<char>, std::allocator<char> > const, int> > >::_M_create_node<std::piecewise_construct_t const&, std::tuple<std::__cxx11::basic_string<char, std::char_traits<char>, std::allocator<char> >&&>, std::tuple<> >(std::piecewise_construct_t const&, std::tuple<std::__cxx11::basic_string<char, std::char_traits<char>, std::allocator<char> >&&>&&, std::tuple<>&&) (in /home/ptungbun/Project/webserv/webserv)
==5528==    by 0x11D842: std::_Rb_tree_iterator<std::pair<std::__cxx11::basic_string<char, std::char_traits<char>, std::allocator<char> > const, int> > std::_Rb_tree<std::__cxx11::basic_string<char, std::char_traits<char>, std::allocator<char> >, std::pair<std::__cxx11::basic_string<char, std::char_traits<char>, std::allocator<char> > const, int>, std::_Select1st<std::pair<std::__cxx11::basic_string<char, std::char_traits<char>, std::allocator<char> > const, int> >, std::less<std::__cxx11::basic_string<char, std::char_traits<char>, std::allocator<char> > >, std::allocator<std::pair<std::__cxx11::basic_string<char, std::char_traits<char>, std::allocator<char> > const, int> > >::_M_emplace_hint_unique<std::piecewise_construct_t const&, std::tuple<std::__cxx11::basic_string<char, std::char_traits<char>, std::allocator<char> >&&>, std::tuple<> >(std::_Rb_tree_const_iterator<std::pair<std::__cxx11::basic_string<char, std::char_traits<char>, std::allocator<char> > const, int> >, std::piecewise_construct_t const&, std::tuple<std::__cxx11::basic_string<char, std::char_traits<char>, std::allocator<char> >&&>&&, std::tuple<>&&) (in /home/ptungbun/Project/webserv/webserv)
==5528==    by 0x11D146: std::map<std::__cxx11::basic_string<char, std::char_traits<char>, std::allocator<char> >, int, std::less<std::__cxx11::basic_string<char, std::char_traits<char>, std::allocator<char> > >, std::allocator<std::pair<std::__cxx11::basic_string<char, std::char_traits<char>, std::allocator<char> > const, int> > >::operator[](std::__cxx11::basic_string<char, std::char_traits<char>, std::allocator<char> >&&) (in /home/ptungbun/Project/webserv/webserv)
==5528==    by 0x11ABB6: Request::Request(std::__cxx11::basic_string<char, std::char_traits<char>, std::allocator<char> >) (in /home/ptungbun/Project/webserv/webserv)
==5528==    by 0x125EF8: WebServer::_parsing_request(int) (in /home/ptungbun/Project/webserv/webserv)
==5528==    by 0x124CC5: WebServer::runServer() (in /home/ptungbun/Project/webserv/webserv)
==5528==    by 0x1320DB: main (in /home/ptungbun/Project/webserv/webserv)
==5528== 
==5528== 216 bytes in 3 blocks are indirectly lost in loss record 6 of 15
==5528==    at 0x4849013: operator new(unsigned long) (in /usr/libexec/valgrind/vgpreload_memcheck-amd64-linux.so)
==5528==    by 0x11F959: __gnu_cxx::new_allocator<std::_Rb_tree_node<std::pair<std::__cxx11::basic_string<char, std::char_traits<char>, std::allocator<char> > const, int> > >::allocate(unsigned long, void const*) (in /home/ptungbun/Project/webserv/webserv)
==5528==    by 0x11F681: std::allocator_traits<std::allocator<std::_Rb_tree_node<std::pair<std::__cxx11::basic_string<char, std::char_traits<char>, std::allocator<char> > const, int> > > >::allocate(std::allocator<std::_Rb_tree_node<std::pair<std::__cxx11::basic_string<char, std::char_traits<char>, std::allocator<char> > const, int> > >&, unsigned long) (in /home/ptungbun/Project/webserv/webserv)
==5528==    by 0x11EF8C: std::_Rb_tree<std::__cxx11::basic_string<char, std::char_traits<char>, std::allocator<char> >, std::pair<std::__cxx11::basic_string<char, std::char_traits<char>, std::allocator<char> > const, int>, std::_Select1st<std::pair<std::__cxx11::basic_string<char, std::char_traits<char>, std::allocator<char> > const, int> >, std::less<std::__cxx11::basic_string<char, std::char_traits<char>, std::allocator<char> > >, std::allocator<std::pair<std::__cxx11::basic_string<char, std::char_traits<char>, std::allocator<char> > const, int> > >::_M_get_node() (in /home/ptungbun/Project/webserv/webserv)
==5528==    by 0x11E0BA: std::_Rb_tree_node<std::pair<std::__cxx11::basic_string<char, std::char_traits<char>, std::allocator<char> > const, int> >* std::_Rb_tree<std::__cxx11::basic_string<char, std::char_traits<char>, std::allocator<char> >, std::pair<std::__cxx11::basic_string<char, std::char_traits<char>, std::allocator<char> > const, int>, std::_Select1st<std::pair<std::__cxx11::basic_string<char, std::char_traits<char>, std::allocator<char> > const, int> >, std::less<std::__cxx11::basic_string<char, std::char_traits<char>, std::allocator<char> > >, std::allocator<std::pair<std::__cxx11::basic_string<char, std::char_traits<char>, std::allocator<char> > const, int> > >::_M_create_node<std::piecewise_construct_t const&, std::tuple<std::__cxx11::basic_string<char, std::char_traits<char>, std::allocator<char> >&&>, std::tuple<> >(std::piecewise_construct_t const&, std::tuple<std::__cxx11::basic_string<char, std::char_traits<char>, std::allocator<char> >&&>&&, std::tuple<>&&) (in /home/ptungbun/Project/webserv/webserv)
==5528==    by 0x11D842: std::_Rb_tree_iterator<std::pair<std::__cxx11::basic_string<char, std::char_traits<char>, std::allocator<char> > const, int> > std::_Rb_tree<std::__cxx11::basic_string<char, std::char_traits<char>, std::allocator<char> >, std::pair<std::__cxx11::basic_string<char, std::char_traits<char>, std::allocator<char> > const, int>, std::_Select1st<std::pair<std::__cxx11::basic_string<char, std::char_traits<char>, std::allocator<char> > const, int> >, std::less<std::__cxx11::basic_string<char, std::char_traits<char>, std::allocator<char> > >, std::allocator<std::pair<std::__cxx11::basic_string<char, std::char_traits<char>, std::allocator<char> > const, int> > >::_M_emplace_hint_unique<std::piecewise_construct_t const&, std::tuple<std::__cxx11::basic_string<char, std::char_traits<char>, std::allocator<char> >&&>, std::tuple<> >(std::_Rb_tree_const_iterator<std::pair<std::__cxx11::basic_string<char, std::char_traits<char>, std::allocator<char> > const, int> >, std::piecewise_construct_t const&, std::tuple<std::__cxx11::basic_string<char, std::char_traits<char>, std::allocator<char> >&&>&&, std::tuple<>&&) (in /home/ptungbun/Project/webserv/webserv)
==5528==    by 0x11D146: std::map<std::__cxx11::basic_string<char, std::char_traits<char>, std::allocator<char> >, int, std::less<std::__cxx11::basic_string<char, std::char_traits<char>, std::allocator<char> > >, std::allocator<std::pair<std::__cxx11::basic_string<char, std::char_traits<char>, std::allocator<char> > const, int> > >::operator[](std::__cxx11::basic_string<char, std::char_traits<char>, std::allocator<char> >&&) (in /home/ptungbun/Project/webserv/webserv)
==5528==    by 0x11AC11: Request::Request(std::__cxx11::basic_string<char, std::char_traits<char>, std::allocator<char> >) (in /home/ptungbun/Project/webserv/webserv)
==5528==    by 0x125EF8: WebServer::_parsing_request(int) (in /home/ptungbun/Project/webserv/webserv)
==5528==    by 0x124CC5: WebServer::runServer() (in /home/ptungbun/Project/webserv/webserv)
==5528==    by 0x1320DB: main (in /home/ptungbun/Project/webserv/webserv)
==5528== 
==5528== 216 bytes in 3 blocks are indirectly lost in loss record 7 of 15
==5528==    at 0x4849013: operator new(unsigned long) (in /usr/libexec/valgrind/vgpreload_memcheck-amd64-linux.so)
==5528==    by 0x11F959: __gnu_cxx::new_allocator<std::_Rb_tree_node<std::pair<std::__cxx11::basic_string<char, std::char_traits<char>, std::allocator<char> > const, int> > >::allocate(unsigned long, void const*) (in /home/ptungbun/Project/webserv/webserv)
==5528==    by 0x11F681: std::allocator_traits<std::allocator<std::_Rb_tree_node<std::pair<std::__cxx11::basic_string<char, std::char_traits<char>, std::allocator<char> > const, int> > > >::allocate(std::allocator<std::_Rb_tree_node<std::pair<std::__cxx11::basic_string<char, std::char_traits<char>, std::allocator<char> > const, int> > >&, unsigned long) (in /home/ptungbun/Project/webserv/webserv)
==5528==    by 0x11EF8C: std::_Rb_tree<std::__cxx11::basic_string<char, std::char_traits<char>, std::allocator<char> >, std::pair<std::__cxx11::basic_string<char, std::char_traits<char>, std::allocator<char> > const, int>, std::_Select1st<std::pair<std::__cxx11::basic_string<char, std::char_traits<char>, std::allocator<char> > const, int> >, std::less<std::__cxx11::basic_string<char, std::char_traits<char>, std::allocator<char> > >, std::allocator<std::pair<std::__cxx11::basic_string<char, std::char_traits<char>, std::allocator<char> > const, int> > >::_M_get_node() (in /home/ptungbun/Project/webserv/webserv)
==5528==    by 0x11E0BA: std::_Rb_tree_node<std::pair<std::__cxx11::basic_string<char, std::char_traits<char>, std::allocator<char> > const, int> >* std::_Rb_tree<std::__cxx11::basic_string<char, std::char_traits<char>, std::allocator<char> >, std::pair<std::__cxx11::basic_string<char, std::char_traits<char>, std::allocator<char> > const, int>, std::_Select1st<std::pair<std::__cxx11::basic_string<char, std::char_traits<char>, std::allocator<char> > const, int> >, std::less<std::__cxx11::basic_string<char, std::char_traits<char>, std::allocator<char> > >, std::allocator<std::pair<std::__cxx11::basic_string<char, std::char_traits<char>, std::allocator<char> > const, int> > >::_M_create_node<std::piecewise_construct_t const&, std::tuple<std::__cxx11::basic_string<char, std::char_traits<char>, std::allocator<char> >&&>, std::tuple<> >(std::piecewise_construct_t const&, std::tuple<std::__cxx11::basic_string<char, std::char_traits<char>, std::allocator<char> >&&>&&, std::tuple<>&&) (in /home/ptungbun/Project/webserv/webserv)
==5528==    by 0x11D842: std::_Rb_tree_iterator<std::pair<std::__cxx11::basic_string<char, std::char_traits<char>, std::allocator<char> > const, int> > std::_Rb_tree<std::__cxx11::basic_string<char, std::char_traits<char>, std::allocator<char> >, std::pair<std::__cxx11::basic_string<char, std::char_traits<char>, std::allocator<char> > const, int>, std::_Select1st<std::pair<std::__cxx11::basic_string<char, std::char_traits<char>, std::allocator<char> > const, int> >, std::less<std::__cxx11::basic_string<char, std::char_traits<char>, std::allocator<char> > >, std::allocator<std::pair<std::__cxx11::basic_string<char, std::char_traits<char>, std::allocator<char> > const, int> > >::_M_emplace_hint_unique<std::piecewise_construct_t const&, std::tuple<std::__cxx11::basic_string<char, std::char_traits<char>, std::allocator<char> >&&>, std::tuple<> >(std::_Rb_tree_const_iterator<std::pair<std::__cxx11::basic_string<char, std::char_traits<char>, std::allocator<char> > const, int> >, std::piecewise_construct_t const&, std::tuple<std::__cxx11::basic_string<char, std::char_traits<char>, std::allocator<char> >&&>&&, std::tuple<>&&) (in /home/ptungbun/Project/webserv/webserv)
==5528==    by 0x11D146: std::map<std::__cxx11::basic_string<char, std::char_traits<char>, std::allocator<char> >, int, std::less<std::__cxx11::basic_string<char, std::char_traits<char>, std::allocator<char> > >, std::allocator<std::pair<std::__cxx11::basic_string<char, std::char_traits<char>, std::allocator<char> > const, int> > >::operator[](std::__cxx11::basic_string<char, std::char_traits<char>, std::allocator<char> >&&) (in /home/ptungbun/Project/webserv/webserv)
==5528==    by 0x11AC6C: Request::Request(std::__cxx11::basic_string<char, std::char_traits<char>, std::allocator<char> >) (in /home/ptungbun/Project/webserv/webserv)
==5528==    by 0x125EF8: WebServer::_parsing_request(int) (in /home/ptungbun/Project/webserv/webserv)
==5528==    by 0x124CC5: WebServer::runServer() (in /home/ptungbun/Project/webserv/webserv)
==5528==    by 0x1320DB: main (in /home/ptungbun/Project/webserv/webserv)
==5528== 
==5528== 888 bytes in 3 blocks are indirectly lost in loss record 8 of 15
==5528==    at 0x4849013: operator new(unsigned long) (in /usr/libexec/valgrind/vgpreload_memcheck-amd64-linux.so)
==5528==    by 0x125EEA: WebServer::_parsing_request(int) (in /home/ptungbun/Project/webserv/webserv)
==5528==    by 0x124CC5: WebServer::runServer() (in /home/ptungbun/Project/webserv/webserv)
==5528==    by 0x1320DB: main (in /home/ptungbun/Project/webserv/webserv)
==5528== 
==5528== 952 bytes in 14 blocks are indirectly lost in loss record 9 of 15
==5528==    at 0x4849013: operator new(unsigned long) (in /usr/libexec/valgrind/vgpreload_memcheck-amd64-linux.so)
==5528==    by 0x49ABFEE: std::__cxx11::basic_string<char, std::char_traits<char>, std::allocator<char> >::_M_assign(std::__cxx11::basic_string<char, std::char_traits<char>, std::allocator<char> > const&) (in /usr/lib/x86_64-linux-gnu/libstdc++.so.6.0.30)
==5528==    by 0x49AC4AC: std::__cxx11::basic_string<char, std::char_traits<char>, std::allocator<char> >::operator=(std::__cxx11::basic_string<char, std::char_traits<char>, std::allocator<char> > const&) (in /usr/lib/x86_64-linux-gnu/libstdc++.so.6.0.30)
==5528==    by 0x11B927: Request::_readRequestHeaderField() (in /home/ptungbun/Project/webserv/webserv)
==5528==    by 0x11AD1C: Request::Request(std::__cxx11::basic_string<char, std::char_traits<char>, std::allocator<char> >) (in /home/ptungbun/Project/webserv/webserv)
==5528==    by 0x125EF8: WebServer::_parsing_request(int) (in /home/ptungbun/Project/webserv/webserv)
==5528==    by 0x124CC5: WebServer::runServer() (in /home/ptungbun/Project/webserv/webserv)
==5528==    by 0x1320DB: main (in /home/ptungbun/Project/webserv/webserv)
==5528== 
==5528== 1,917 bytes in 44 blocks are indirectly lost in loss record 10 of 15
==5528==    at 0x4849013: operator new(unsigned long) (in /usr/libexec/valgrind/vgpreload_memcheck-amd64-linux.so)
==5528==    by 0x1107FB: void std::__cxx11::basic_string<char, std::char_traits<char>, std::allocator<char> >::_M_construct<char const*>(char const*, char const*, std::forward_iterator_tag) (in /home/ptungbun/Project/webserv/webserv)
==5528==    by 0x49AF496: std::__cxx11::basic_string<char, std::char_traits<char>, std::allocator<char> >::substr(unsigned long, unsigned long) const (in /usr/lib/x86_64-linux-gnu/libstdc++.so.6.0.30)
==5528==    by 0x1225FE: lineToVector(std::__cxx11::basic_string<char, std::char_traits<char>, std::allocator<char> > const&) (in /home/ptungbun/Project/webserv/webserv)
==5528==    by 0x11B1D9: Request::_collectRequestToVector(std::__cxx11::basic_string<char, std::char_traits<char>, std::allocator<char> >) (in /home/ptungbun/Project/webserv/webserv)
==5528==    by 0x11ACB0: Request::Request(std::__cxx11::basic_string<char, std::char_traits<char>, std::allocator<char> >) (in /home/ptungbun/Project/webserv/webserv)
==5528==    by 0x125EF8: WebServer::_parsing_request(int) (in /home/ptungbun/Project/webserv/webserv)
==5528==    by 0x124CC5: WebServer::runServer() (in /home/ptungbun/Project/webserv/webserv)
==5528==    by 0x1320DB: main (in /home/ptungbun/Project/webserv/webserv)
==5528== 
==5528== 2,048 bytes in 3 blocks are indirectly lost in loss record 11 of 15
==5528==    at 0x4849013: operator new(unsigned long) (in /usr/libexec/valgrind/vgpreload_memcheck-amd64-linux.so)
==5528==    by 0x1151C9: __gnu_cxx::new_allocator<std::__cxx11::basic_string<char, std::char_traits<char>, std::allocator<char> > >::allocate(unsigned long, void const*) (in /home/ptungbun/Project/webserv/webserv)
==5528==    by 0x114C7F: std::allocator_traits<std::allocator<std::__cxx11::basic_string<char, std::char_traits<char>, std::allocator<char> > > >::allocate(std::allocator<std::__cxx11::basic_string<char, std::char_traits<char>, std::allocator<char> > >&, unsigned long) (in /home/ptungbun/Project/webserv/webserv)
==5528==    by 0x11480B: std::_Vector_base<std::__cxx11::basic_string<char, std::char_traits<char>, std::allocator<char> >, std::allocator<std::__cxx11::basic_string<char, std::char_traits<char>, std::allocator<char> > > >::_M_allocate(unsigned long) (in /home/ptungbun/Project/webserv/webserv)
==5528==    by 0x121728: void std::vector<std::__cxx11::basic_string<char, std::char_traits<char>, std::allocator<char> >, std::allocator<std::__cxx11::basic_string<char, std::char_traits<char>, std::allocator<char> > > >::_M_realloc_insert<std::__cxx11::basic_string<char, std::char_traits<char>, std::allocator<char> > >(__gnu_cxx::__normal_iterator<std::__cxx11::basic_string<char, std::char_traits<char>, std::allocator<char> >*, std::vector<std::__cxx11::basic_string<char, std::char_traits<char>, std::allocator<char> >, std::allocator<std::__cxx11::basic_string<char, std::char_traits<char>, std::allocator<char> > > > >, std::__cxx11::basic_string<char, std::char_traits<char>, std::allocator<char> >&&) (in /home/ptungbun/Project/webserv/webserv)
==5528==    by 0x121635: std::__cxx11::basic_string<char, std::char_traits<char>, std::allocator<char> >& std::vector<std::__cxx11::basic_string<char, std::char_traits<char>, std::allocator<char> >, std::allocator<std::__cxx11::basic_string<char, std::char_traits<char>, std::allocator<char> > > >::emplace_back<std::__cxx11::basic_string<char, std::char_traits<char>, std::allocator<char> > >(std::__cxx11::basic_string<char, std::char_traits<char>, std::allocator<char> >&&) (in /home/ptungbun/Project/webserv/webserv)
==5528==    by 0x121441: std::vector<std::__cxx11::basic_string<char, std::char_traits<char>, std::allocator<char> >, std::allocator<std::__cxx11::basic_string<char, std::char_traits<char>, std::allocator<char> > > >::push_back(std::__cxx11::basic_string<char, std::char_traits<char>, std::allocator<char> >&&) (in /home/ptungbun/Project/webserv/webserv)
==5528==    by 0x122611: lineToVector(std::__cxx11::basic_string<char, std::char_traits<char>, std::allocator<char> > const&) (in /home/ptungbun/Project/webserv/webserv)
==5528==    by 0x11B1D9: Request::_collectRequestToVector(std::__cxx11::basic_string<char, std::char_traits<char>, std::allocator<char> >) (in /home/ptungbun/Project/webserv/webserv)
==5528==    by 0x11ACB0: Request::Request(std::__cxx11::basic_string<char, std::char_traits<char>, std::allocator<char> >) (in /home/ptungbun/Project/webserv/webserv)
==5528==    by 0x125EF8: WebServer::_parsing_request(int) (in /home/ptungbun/Project/webserv/webserv)
==5528==    by 0x124CC5: WebServer::runServer() (in /home/ptungbun/Project/webserv/webserv)
==5528== 
==5528== 3,936 bytes in 41 blocks are indirectly lost in loss record 12 of 15
==5528==    at 0x4849013: operator new(unsigned long) (in /usr/libexec/valgrind/vgpreload_memcheck-amd64-linux.so)
==5528==    by 0x11A392: __gnu_cxx::new_allocator<std::_Rb_tree_node<std::pair<std::__cxx11::basic_string<char, std::char_traits<char>, std::allocator<char> > const, std::__cxx11::basic_string<char, std::char_traits<char>, std::allocator<char> > > > >::allocate(unsigned long, void const*) (in /home/ptungbun/Project/webserv/webserv)
==5528==    by 0x11A29F: std::allocator_traits<std::allocator<std::_Rb_tree_node<std::pair<std::__cxx11::basic_string<char, std::char_traits<char>, std::allocator<char> > const, std::__cxx11::basic_string<char, std::char_traits<char>, std::allocator<char> > > > > >::allocate(std::allocator<std::_Rb_tree_node<std::pair<std::__cxx11::basic_string<char, std::char_traits<char>, std::allocator<char> > const, std::__cxx11::basic_string<char, std::char_traits<char>, std::allocator<char> > > > >&, unsigned long) (in /home/ptungbun/Project/webserv/webserv)
==5528==    by 0x11A0B8: std::_Rb_tree<std::__cxx11::basic_string<char, std::char_traits<char>, std::allocator<char> >, std::pair<std::__cxx11::basic_string<char, std::char_traits<char>, std::allocator<char> > const, std::__cxx11::basic_string<char, std::char_traits<char>, std::allocator<char> > >, std::_Select1st<std::pair<std::__cxx11::basic_string<char, std::char_traits<char>, std::allocator<char> > const, std::__cxx11::basic_string<char, std::char_traits<char>, std::allocator<char> > > >, std::less<std::__cxx11::basic_string<char, std::char_traits<char>, std::allocator<char> > >, std::allocator<std::pair<std::__cxx11::basic_string<char, std::char_traits<char>, std::allocator<char> > const, std::__cxx11::basic_string<char, std::char_traits<char>, std::allocator<char> > > > >::_M_get_node() (in /home/ptungbun/Project/webserv/webserv)
==5528==    by 0x11E94E: std::_Rb_tree_node<std::pair<std::__cxx11::basic_string<char, std::char_traits<char>, std::allocator<char> > const, std::__cxx11::basic_string<char, std::char_traits<char>, std::allocator<char> > > >* std::_Rb_tree<std::__cxx11::basic_string<char, std::char_traits<char>, std::allocator<char> >, std::pair<std::__cxx11::basic_string<char, std::char_traits<char>, std::allocator<char> > const, std::__cxx11::basic_string<char, std::char_traits<char>, std::allocator<char> > >, std::_Select1st<std::pair<std::__cxx11::basic_string<char, std::char_traits<char>, std::allocator<char> > const, std::__cxx11::basic_string<char, std::char_traits<char>, std::allocator<char> > > >, std::less<std::__cxx11::basic_string<char, std::char_traits<char>, std::allocator<char> > >, std::allocator<std::pair<std::__cxx11::basic_string<char, std::char_traits<char>, std::allocator<char> > const, std::__cxx11::basic_string<char, std::char_traits<char>, std::allocator<char> > > > >::_M_create_node<std::piecewise_construct_t const&, std::tuple<std::__cxx11::basic_string<char, std::char_traits<char>, std::allocator<char> > const&>, std::tuple<> >(std::piecewise_construct_t const&, std::tuple<std::__cxx11::basic_string<char, std::char_traits<char>, std::allocator<char> > const&>&&, std::tuple<>&&) (in /home/ptungbun/Project/webserv/webserv)
==5528==    by 0x11DD8C: std::_Rb_tree_iterator<std::pair<std::__cxx11::basic_string<char, std::char_traits<char>, std::allocator<char> > const, std::__cxx11::basic_string<char, std::char_traits<char>, std::allocator<char> > > > std::_Rb_tree<std::__cxx11::basic_string<char, std::char_traits<char>, std::allocator<char> >, std::pair<std::__cxx11::basic_string<char, std::char_traits<char>, std::allocator<char> > const, std::__cxx11::basic_string<char, std::char_traits<char>, std::allocator<char> > >, std::_Select1st<std::pair<std::__cxx11::basic_string<char, std::char_traits<char>, std::allocator<char> > const, std::__cxx11::basic_string<char, std::char_traits<char>, std::allocator<char> > > >, std::less<std::__cxx11::basic_string<char, std::char_traits<char>, std::allocator<char> > >, std::allocator<std::pair<std::__cxx11::basic_string<char, std::char_traits<char>, std::allocator<char> > const, std::__cxx11::basic_string<char, std::char_traits<char>, std::allocator<char> > > > >::_M_emplace_hint_unique<std::piecewise_construct_t const&, std::tuple<std::__cxx11::basic_string<char, std::char_traits<char>, std::allocator<char> > const&>, std::tuple<> >(std::_Rb_tree_const_iterator<std::pair<std::__cxx11::basic_string<char, std::char_traits<char>, std::allocator<char> > const, std::__cxx11::basic_string<char, std::char_traits<char>, std::allocator<char> > > >, std::piecewise_construct_t const&, std::tuple<std::__cxx11::basic_string<char, std::char_traits<char>, std::allocator<char> > const&>&&, std::tuple<>&&) (in /home/ptungbun/Project/webserv/webserv)
==5528==    by 0x11D49B: std::map<std::__cxx11::basic_string<char, std::char_traits<char>, std::allocator<char> >, std::__cxx11::basic_string<char, std::char_traits<char>, std::allocator<char> >, std::less<std::__cxx11::basic_string<char, std::char_traits<char>, std::allocator<char> > >, std::allocator<std::pair<std::__cxx11::basic_string<char, std::char_traits<char>, std::allocator<char> > const, std::__cxx11::basic_string<char, std::char_traits<char>, std::allocator<char> > > > >::operator[](std::__cxx11::basic_string<char, std::char_traits<char>, std::allocator<char> > const&) (in /home/ptungbun/Project/webserv/webserv)
==5528==    by 0x11B91C: Request::_readRequestHeaderField() (in /home/ptungbun/Project/webserv/webserv)
==5528==    by 0x11AD1C: Request::Request(std::__cxx11::basic_string<char, std::char_traits<char>, std::allocator<char> >) (in /home/ptungbun/Project/webserv/webserv)
==5528==    by 0x125EF8: WebServer::_parsing_request(int) (in /home/ptungbun/Project/webserv/webserv)
==5528==    by 0x124CC5: WebServer::runServer() (in /home/ptungbun/Project/webserv/webserv)
==5528==    by 0x1320DB: main (in /home/ptungbun/Project/webserv/webserv)
==5528== 
==5528== 162,887 bytes in 3 blocks are indirectly lost in loss record 13 of 15
==5528==    at 0x4849013: operator new(unsigned long) (in /usr/libexec/valgrind/vgpreload_memcheck-amd64-linux.so)
==5528==    by 0x49AC0BD: std::__cxx11::basic_string<char, std::char_traits<char>, std::allocator<char> >::_M_mutate(unsigned long, unsigned long, char const*, unsigned long) (in /usr/lib/x86_64-linux-gnu/libstdc++.so.6.0.30)
==5528==    by 0x49ADB4F: std::__cxx11::basic_string<char, std::char_traits<char>, std::allocator<char> >::_M_append(char const*, unsigned long) (in /usr/lib/x86_64-linux-gnu/libstdc++.so.6.0.30)
==5528==    by 0x10E5FD: CGI::readfile(Client&, Server&, s_cgi_return) (in /home/ptungbun/Project/webserv/webserv)
==5528==    by 0x125199: WebServer::_send_response(int) (in /home/ptungbun/Project/webserv/webserv)
==5528==    by 0x124D9E: WebServer::runServer() (in /home/ptungbun/Project/webserv/webserv)
==5528==    by 0x1320DB: main (in /home/ptungbun/Project/webserv/webserv)
==5528== 
==5528== 163,223 (336 direct, 162,887 indirect) bytes in 3 blocks are definitely lost in loss record 14 of 15
==5528==    at 0x4849013: operator new(unsigned long) (in /usr/libexec/valgrind/vgpreload_memcheck-amd64-linux.so)
==5528==    by 0x10E0C5: CGI::readfile(Client&, Server&, s_cgi_return) (in /home/ptungbun/Project/webserv/webserv)
==5528==    by 0x125199: WebServer::_send_response(int) (in /home/ptungbun/Project/webserv/webserv)
==5528==    by 0x124D9E: WebServer::runServer() (in /home/ptungbun/Project/webserv/webserv)
==5528==    by 0x1320DB: main (in /home/ptungbun/Project/webserv/webserv)
==5528== 
==5528== 208,065 (197,064 direct, 11,001 indirect) bytes in 3 blocks are definitely lost in loss record 15 of 15
==5528==    at 0x4849013: operator new(unsigned long) (in /usr/libexec/valgrind/vgpreload_memcheck-amd64-linux.so)
==5528==    by 0x1256DD: WebServer::_accept_connection(int) (in /home/ptungbun/Project/webserv/webserv)
==5528==    by 0x124BF6: WebServer::runServer() (in /home/ptungbun/Project/webserv/webserv)
==5528==    by 0x1320DB: main (in /home/ptungbun/Project/webserv/webserv)
==5528== 
==5528== LEAK SUMMARY:
==5528==    definitely lost: 197,400 bytes in 6 blocks
==5528==    indirectly lost: 173,888 bytes in 132 blocks
==5528==      possibly lost: 0 bytes in 0 blocks
==5528==    still reachable: 0 bytes in 0 blocks
==5528==         suppressed: 0 bytes in 0 blocks
==5528== 
==5528== ERROR SUMMARY: 3 errors from 3 contexts (suppressed: 0 from 0)
==5528== 
==5528== 1 errors in context 1 of 3:
==5528== Syscall param close(fd) contains uninitialised byte(s)
==5528==    at 0x4BC0F67: close (close.c:27)
==5528==    by 0x120BC4: Server::~Server() (in /home/ptungbun/Project/webserv/webserv)
==5528==    by 0x128DF3: void std::_Destroy<Server>(Server*) (in /home/ptungbun/Project/webserv/webserv)
==5528==    by 0x1284F9: void std::_Destroy_aux<false>::__destroy<Server*>(Server*, Server*) (in /home/ptungbun/Project/webserv/webserv)
==5528==    by 0x127537: void std::_Destroy<Server*>(Server*, Server*) (in /home/ptungbun/Project/webserv/webserv)
==5528==    by 0x126BC6: void std::_Destroy<Server*, Server>(Server*, Server*, std::allocator<Server>&) (in /home/ptungbun/Project/webserv/webserv)
==5528==    by 0x126640: std::vector<Server, std::allocator<Server> >::~vector() (in /home/ptungbun/Project/webserv/webserv)
==5528==    by 0x12DBD6: parsing_config(int, char**, std::vector<Server, std::allocator<Server> >&) (in /home/ptungbun/Project/webserv/webserv)
==5528==    by 0x131F45: main (in /home/ptungbun/Project/webserv/webserv)
==5528==  Uninitialised value was created by a stack allocation
==5528==    at 0x12D233: parsing_config(int, char**, std::vector<Server, std::allocator<Server> >&) (in /home/ptungbun/Project/webserv/webserv)
==5528== 
==5528== ERROR SUMMARY: 3 errors from 3 contexts (suppressed: 0 from 0)
